2024-11-14 13:48:08 [main] FATAL com.deloitte.dev.Hello - fatal message
2024-11-14 13:48:08 [main] WARN  com.deloitte.dev.Hello - Warn message
2024-11-14 13:48:08 [main] ERROR com.deloitte.dev.Hello - ERROR message
2024-11-14 13:48:08 [main] INFO  com.deloitte.dev.Hello - INfo message
2024-11-14 13:48:08 [main] DEBUG com.deloitte.dev.Hello - DEBUG message
2024-11-14 13:48:08 [main] TRACE com.deloitte.dev.Hello - Trace message
2024-11-14 13:48:35 [main] FATAL com.deloitte.dev.Hello - fatal message
2024-11-14 13:48:35 [main] WARN  com.deloitte.dev.Hello - Warn message
2024-11-14 13:48:35 [main] ERROR com.deloitte.dev.Hello - ERROR message
2024-11-14 13:48:35 [main] INFO  com.deloitte.dev.Hello - INfo message
2024-11-14 13:48:35 [main] DEBUG com.deloitte.dev.Hello - DEBUG message
2024-11-14 13:48:35 [main] TRACE com.deloitte.dev.Hello - Trace message
2024-11-14 13:49:42 [main] FATAL com.deloitte.dev.Hello - fatal message
2024-11-14 13:49:42 [main] WARN  com.deloitte.dev.Hello - Warn message
2024-11-14 13:49:42 [main] ERROR com.deloitte.dev.Hello - ERROR message
2024-11-14 13:49:42 [main] INFO  com.deloitte.dev.Hello - INfo message
2024-11-14 13:49:42 [main] DEBUG com.deloitte.dev.Hello - DEBUG message
2024-11-14 13:49:42 [main] TRACE com.deloitte.dev.Hello - Trace message
2024-11-14 13:50:30 [main] FATAL com.deloitte.dev.Hello - FATAL message
2024-11-14 13:50:30 [main] WARN  com.deloitte.dev.Hello - WARN message
2024-11-14 13:50:30 [main] ERROR com.deloitte.dev.Hello - ERROR message
2024-11-14 13:50:30 [main] INFO  com.deloitte.dev.Hello - INFO message
